build/app/outputs/mapping/release/seeds.txt
com.example.hephaestapp.MainActivity
com.example.hephaestapp.MainActivity: MainActivity()
...
com.google.android.gms.internal.firebase-auth-api.zzfs: com.google.android.gms.internal.firebase-auth-api.zzyy zze
androidx.lifecycle.ReportFragment$LifecycleCallbacks: void onActivityPostStarted(android.app.Activity)
com.google.android.gms.internal.firebase-auth-api.zzgk
com.google.android.gms.internal.firebase-auth-api.zzhu: int zze
com.google.android.gms.internal.firebase-auth-api.zznp: android.os.Parcelable$Creator CREATOR
com.google.android.gms.internal.firebase-auth-api.zzeo
io.flutter.embedding.engine.mutatorsstack.FlutterMutatorsStack$FlutterMutatorType: io.flutter.embedding.engine.mutatorsstack.FlutterMutatorsStack$FlutterMutatorType valueOf(java.lang.String)
com.google.android.gms.internal.firebase-auth-api.zzact: com.google.android.gms.internal.firebase-auth-api.zzact[] values()
com.google.firebase.auth.internal.zzbb: android.os.Parcelable$Creator CREATOR
io.flutter.plugins.firebase.core.FlutterFirebasePlugin: com.google.android.gms.tasks.Task getPluginConstantsForFirebaseApp(com.google.firebase.FirebaseApp)
com.google.protobuf.WireFormat$FieldType: com.google.protobuf.WireFormat$FieldType[] values()
io.flutter.embedding.engine.renderer.SurfaceTextureWrapper: android.graphics.SurfaceTexture surfaceTexture()
com.google.android.gms.internal.firebase-auth-api.zznj: android.os.Parcelable$Creator CREATOR
com.google.android.gms.internal.firebase-auth-api.zzgb: int zze
com.google.firestore.v1.DocumentTransform$FieldTransform: int INCREMENT_FIELD_NUMBER
androidx.lifecycle.ViewModel: ViewModel()
androidx.lifecycle.ReportFragment$LifecycleCallbacks: void onActivityPostResumed(android.app.Activity)
com.google.firestore.v1.TargetChange: com.google.rpc.Status cause_
com.google.android.gms.internal.firebase-auth-api.zzja: com.google.android.gms.internal.firebase-auth-api.zzja zze
io.flutter.embedding.engine.renderer.SurfaceTextureWrapper: android.graphics.SurfaceTexture surfaceTexture
androidx.savedstate.SavedStateRegistry$1
com.google.firestore.v1.Document: com.google.protobuf.Timestamp createTime_
com.google.firebase.firestore.proto.WriteBatch: int WRITES_FIELD_NUMBER
com.google.firebase.firestore.proto.WriteBatch: com.google.protobuf.Timestamp localWriteTime_
io.flutter.plugins.GeneratedPluginRegistrant
com.google.firestore.v1.DocumentDelete: int removedTargetIdsMemoizedSerializedSize
com.google.android.gms.internal.firebase-auth-api.zzfj: com.google.android.gms.internal.firebase-auth-api.zzfj zzg
io.flutter.embedding.android.FlutterSurfaceView: io.flutter.embedding.engine.renderer.FlutterRenderer getAttachedRenderer()
com.google.android.gms.internal.firebase-auth-api.zzfd: int zze
com.google.android.gms.internal.firebase-auth-api.zznv: android.os.Parcelable$Creator CREATOR
com.google.firestore.v1.ListenRequest: int LABELS_FIELD_NUMBER
com.google.firestore.v1.BatchGetDocumentsRequest: int TRANSACTION_FIELD_NUMBER
io.grpc.MethodDescriptor$MethodType: io.grpc.MethodDescriptor$MethodType valueOf(java.lang.String)
com.google.firebase.firestore.proto.Target$TargetTypeCase: com.google.firebase.firestore.proto.Target$TargetTypeCase[] values()
com.google.firebase.firestore.core.Filter$Operator: com.google.firebase.firestore.core.Filter$Operator[] values()
com.google.firestore.v1.StructuredQuery$CollectionSelector: boolean allDescendants_
com.google.firestore.v1.StructuredQuery$CompositeFilter: int OP_FIELD_NUMBER
com.google.android.gms.internal.firebase-auth-api.zzie: com.google.android.gms.internal.firebase-auth-api.zzie[] values()
com.google.firestore.v1.WriteRequest: int LABELS_FIELD_NUMBER
io.flutter.embedding.engine.FlutterJNI: void nativeSetAccessibilityFeatures(long,int)
io.flutter.embedding.engine.renderer.SurfaceTextureWrapper
androidx.lifecycle.SingleGeneratedAdapterObserver
com.google.protobuf.Any: int VALUE_FIELD_NUMBER
com.google.firebase.firestore.proto.NoDocument: com.google.firebase.firestore.proto.NoDocument DEFAULT_INSTANCE