build/app/outputs/mapping/release/mapping.txt
# compiler: R8
# compiler_version: 2.1.62
# min_api: 16
# pg_map_id: 3106248
# common_typos_disable
...
com.squareup.okhttp.Request$Builder -> b.b.a.e$b:
    com.squareup.okhttp.HttpUrl url -> a
    java.lang.Object tag -> e
    com.squareup.okhttp.Headers$Builder headers -> c
    java.lang.String method -> b
    com.squareup.okhttp.RequestBody body -> d
    com.squareup.okhttp.HttpUrl access$000(com.squareup.okhttp.Request$Builder) -> a
    java.lang.String access$100(com.squareup.okhttp.Request$Builder) -> b
    com.squareup.okhttp.Headers$Builder access$200(com.squareup.okhttp.Request$Builder) -> c
    com.squareup.okhttp.RequestBody access$300(com.squareup.okhttp.Request$Builder) -> d
    java.lang.Object access$400(com.squareup.okhttp.Request$Builder) -> e
    com.squareup.okhttp.Request build() -> f
    com.squareup.okhttp.Request$Builder header(java.lang.String,java.lang.String) -> g
    com.squareup.okhttp.Request$Builder url(com.squareup.okhttp.HttpUrl) -> h
com.squareup.okhttp.RequestBody -> b.b.a.f:
com.squareup.okhttp.internal.http.StatusLine -> b.b.a.g.a.a:
    com.squareup.okhttp.Protocol protocol -> a
    int code -> b
    java.lang.String message -> c
    com.squareup.okhttp.internal.http.StatusLine parse(java.lang.String) -> a
io.flutter.FlutterInjector -> c.a.a:
    io.flutter.embedding.engine.loader.FlutterLoader flutterLoader -> a
    io.flutter.embedding.engine.deferredcomponents.DeferredComponentManager deferredComponentManager -> b
    io.flutter.FlutterInjector instance -> c
    io.flutter.embedding.engine.deferredcomponents.DeferredComponentManager deferredComponentManager() -> a
    io.flutter.embedding.engine.loader.FlutterLoader flutterLoader() -> b
    io.flutter.FlutterInjector instance() -> c
io.flutter.FlutterInjector$1 -> c.a.a$a:
io.flutter.FlutterInjector$Builder -> c.a.a$b:
    io.flutter.embedding.engine.loader.FlutterLoader flutterLoader -> a
    io.flutter.embedding.engine.deferredcomponents.DeferredComponentManager deferredComponentManager -> b
    io.flutter.FlutterInjector build() -> a
    void fillDefaults() -> b
io.flutter.Log -> c.a.b:
    void d(java.lang.String,java.lang.String) -> a
    void e(java.lang.String,java.lang.String) -> b
    void e(java.lang.String,java.lang.String,java.lang.Throwable) -> c
    void v(java.lang.String,java.lang.String) -> d
    void w(java.lang.String,java.lang.String) -> e
    void w(java.lang.String,java.lang.String,java.lang.Throwable) -> f
io.flutter.embedding.android.AndroidKeyProcessor -> io.flutter.embedding.android.a:
    io.flutter.embedding.engine.systemchannels.KeyEventChannel keyEventChannel -> a
    int combiningCharacter -> b
    io.flutter.embedding.android.AndroidKeyProcessor$EventResponder eventResponder -> c
    java.lang.Character applyCombiningCharacterToBaseCharacter(int) -> a
    void destroy() -> b
    boolean isPendingEvent(android.view.KeyEvent) -> c
    boolean onKeyEvent(android.view.KeyEvent) -> d
io.flutter.embedding.android.AndroidKeyProcessor$EventResponder -> io.flutter.embedding.android.a$a:
    java.util.Deque pendingEvents -> a
    android.view.View view -> b
    io.flutter.plugin.editing.TextInputPlugin textInputPlugin -> c
    void onKeyEventNotHandled(android.view.KeyEvent) -> a
    void onKeyEventHandled(android.view.KeyEvent) -> b
    void access$000(io.flutter.embedding.android.AndroidKeyProcessor$EventResponder,android.view.KeyEvent) -> c
    android.view.KeyEvent access$100(io.flutter.embedding.android.AndroidKeyProcessor$EventResponder,android.view.KeyEvent) -> d
    void addEvent(android.view.KeyEvent) -> e
    android.view.KeyEvent findPendingEvent(android.view.KeyEvent) -> f
    void redispatchKeyEvent(android.view.KeyEvent) -> g
    void removePendingEvent(android.view.KeyEvent) -> h