build/app/outputs/mapping/release/usage.txt
com.example.hephaestapp.R$layout
com.example.hephaestapp.R$styleable
com.example.hephaestapp.R$id
com.example.hephaestapp.BuildConfig
com.example.hephaestapp.R$string
com.example.hephaestapp.R
com.example.hephaestapp.R$style
com.example.hephaestapp.R$integer
com.example.hephaestapp.R$attr
com.example.hephaestapp.R$color
com.example.hephaestapp.R$drawable
com.example.hephaestapp.R$dimen
com.example.hephaestapp.R$mipmap
...
com.google.rpc.PreconditionFailure$Violation$Builder
com.google.firebase.platforminfo.LibraryVersionComponent:
    private void <init>()
kotlin.coroutines.experimental.RestrictsSuspension
com.google.j2objc.annotations.J2ObjCIncompatible
com.google.firestore.v1.BatchGetDocumentsRequest:
    private void clearConsistencySelector()
    private void clearDatabase()
    private void setDatabaseBytes(com.google.protobuf.ByteString)
    private void setDocuments(int,java.lang.String)
    private void addAllDocuments(java.lang.Iterable)
    private void clearDocuments()
    private void addDocumentsBytes(com.google.protobuf.ByteString)
    private void setMask(com.google.firestore.v1.DocumentMask)
    private void mergeMask(com.google.firestore.v1.DocumentMask)
    private void clearMask()
    private void setTransaction(com.google.protobuf.ByteString)
    private void clearTransaction()
    private void setNewTransaction(com.google.firestore.v1.TransactionOptions)
    private void mergeNewTransaction(com.google.firestore.v1.TransactionOptions)
    private void clearNewTransaction()
    private void setReadTime(com.google.protobuf.Timestamp)
    private void mergeReadTime(com.google.protobuf.Timestamp)
    private void clearReadTime()
    public static com.google.firestore.v1.BatchGetDocumentsRequest parseFrom(java.nio.ByteBuffer)
    public static com.google.firestore.v1.BatchGetDocumentsRequest parseFrom(java.nio.ByteBuffer,com.google.protobuf.ExtensionRegistryLite)
    public static com.google.firestore.v1.BatchGetDocumentsRequest parseFrom(com.google.protobuf.ByteString)
com.google.android.gms.common.util.Base64Utils:
    public void <init>()
    public static byte[] decode(java.lang.String)
androidx.core.widget.AutoSizeableTextView
com.google.protobuf.NioByteString$1
com.google.firebase.heartbeatinfo.HeartBeatInfo:
    public abstract com.google.android.gms.tasks.Task storeHeartBeatInfo(java.lang.String)
    public abstract com.google.android.gms.tasks.Task getAndClearStoredHeartBeatInfo()
com.google.common.collect.ImmutableRangeMap
com.google.protobuf.GeneratedMessageLite$SerializedForm
io.grpc.internal.ServerImpl$ServerTransportListenerImpl$1TransportShutdownNow
com.google.protobuf.DescriptorProtos$MessageOptions
com.google.common.collect.Collections2$OrderedPermutationIterator
kotlin.jvm.internal.PropertyReference0Impl
com.google.common.base.Predicates$IsEqualToPredicate
com.google.protobuf.DescriptorProtos$EnumDescriptorProto
com.google.common.io.BaseEncoding$Alphabet:
    private boolean hasLowerCase()
    private boolean hasUpperCase()
    boolean canDecode(char)
    com.google.common.io.BaseEncoding$Alphabet upperCase()
    com.google.common.io.BaseEncoding$Alphabet lowerCase()
com.google.common.collect.Maps$FilteredEntryNavigableMap
com.google.common.reflect.Types$JavaVersion$2
com.google.protobuf.BinaryReader$SafeHeapReader:
    public int getTotalBytesRead()
    public void readMessageList(java.util.List,java.lang.Class,com.google.protobuf.ExtensionRegistryLite)
    public void readGroupList(java.util.List,java.lang.Class,com.google.protobuf.ExtensionRegistryLite)
com.google.common.cache.CacheLoader$UnsupportedLoadingOperationException
com.google.common.util.concurrent.FuturesGetChecked$GetCheckedTypeValidator
androidx.viewpager.widget.ViewPager$4
kotlin.collections.AbstractSet
kotlin.time.Clock
com.google.api.ResourceDescriptor$History$1
com.google.android.gms.common.internal.IResolveAccountCallbacks
com.google.firebase.firestore.model.BasePath:
    public com.google.firebase.firestore.model.BasePath popFirst()
    public com.google.firebase.firestore.model.BasePath keepFirst(int)
    public java.lang.String getFirstSegment()
io.grpc.ServerCallHandler
com.google.common.util.concurrent.AbstractScheduledService$Scheduler$2
com.google.common.collect.ConcurrentHashMultiset$3
com.google.common.util.concurrent.AbstractService$5
org.intellij.lang.annotations.JdkConstants$InputEventMask
com.google.protobuf.Api$Builder